[2021-04-20 19:22:56.869] [exthost] [info] extension host started
[2021-04-20 19:22:56.911] [exthost] [info] ExtensionService#_doActivateExtension vscode.php-language-features {"startup":false,"extensionId":{"value":"vscode.php-language-features","_lower":"vscode.php-language-features"},"activationEvent":"onLanguage:php"}
[2021-04-20 19:22:56.911] [exthost] [info] ExtensionService#loadCommonJSModule file:///root/.vscode-server/bin/3c4e3df9e89829dce27b7b5c24508306b151f30d/extensions/php-language-features/dist/phpMain
[2021-04-20 19:22:56.928] [exthost] [info] ExtensionService#_doActivateExtension vscode.debug-auto-launch {"startup":true,"extensionId":{"value":"vscode.debug-auto-launch","_lower":"vscode.debug-auto-launch"},"activationEvent":"*"}
[2021-04-20 19:22:56.929] [exthost] [info] ExtensionService#loadCommonJSModule file:///root/.vscode-server/bin/3c4e3df9e89829dce27b7b5c24508306b151f30d/extensions/debug-auto-launch/dist/extension
[2021-04-20 19:22:56.935] [exthost] [info] ExtensionService#_doActivateExtension vscode.git {"startup":true,"extensionId":{"value":"vscode.github","_lower":"vscode.github"},"activationEvent":"*"}
[2021-04-20 19:22:56.935] [exthost] [info] ExtensionService#loadCommonJSModule file:///root/.vscode-server/bin/3c4e3df9e89829dce27b7b5c24508306b151f30d/extensions/git/dist/main
[2021-04-20 19:22:57.123] [exthost] [info] ExtensionService#_doActivateExtension vscode.github {"startup":true,"extensionId":{"value":"vscode.github","_lower":"vscode.github"},"activationEvent":"*"}
[2021-04-20 19:22:57.124] [exthost] [info] ExtensionService#loadCommonJSModule file:///root/.vscode-server/bin/3c4e3df9e89829dce27b7b5c24508306b151f30d/extensions/github/dist/extension.js
[2021-04-20 19:22:57.462] [exthost] [info] ExtensionService#_doActivateExtension vscode.emmet {"startup":false,"extensionId":{"value":"vscode.emmet","_lower":"vscode.emmet"},"activationEvent":"onStartupFinished"}
[2021-04-20 19:22:57.462] [exthost] [info] ExtensionService#loadCommonJSModule file:///root/.vscode-server/bin/3c4e3df9e89829dce27b7b5c24508306b151f30d/extensions/emmet/dist/node/emmetNodeMain
[2021-04-20 19:22:57.481] [exthost] [info] ExtensionService#_doActivateExtension vscode.merge-conflict {"startup":false,"extensionId":{"value":"vscode.merge-conflict","_lower":"vscode.merge-conflict"},"activationEvent":"onStartupFinished"}
[2021-04-20 19:22:57.481] [exthost] [info] ExtensionService#loadCommonJSModule file:///root/.vscode-server/bin/3c4e3df9e89829dce27b7b5c24508306b151f30d/extensions/merge-conflict/dist/mergeConflictMain
[2021-04-20 19:22:57.485] [exthost] [info] ExtensionService#_doActivateExtension vscode.testing-editor-contributions {"startup":false,"extensionId":{"value":"vscode.testing-editor-contributions","_lower":"vscode.testing-editor-contributions"},"activationEvent":"onStartupFinished"}
[2021-04-20 19:22:57.485] [exthost] [info] ExtensionService#loadCommonJSModule file:///root/.vscode-server/bin/3c4e3df9e89829dce27b7b5c24508306b151f30d/extensions/testing-editor-contributions/dist/extension.js
[2021-04-20 19:22:57.487] [exthost] [info] eager extensions activated
[2021-04-20 19:22:57.563] [exthost] [info] ExtensionService#_doActivateExtension ms-vscode.js-debug {"startup":false,"extensionId":{"value":"ms-vscode.js-debug","_lower":"ms-vscode.js-debug"},"activationEvent":"onCommand:extension.js-debug.clearAutoAttachVariables"}
[2021-04-20 19:22:57.563] [exthost] [info] ExtensionService#loadCommonJSModule file:///root/.vscode-server/bin/3c4e3df9e89829dce27b7b5c24508306b151f30d/extensions/ms-vscode.js-debug/src/extension.js
[2021-04-20 19:23:10.584] [exthost] [info] extension host terminating: received terminate message from renderer
[2021-04-20 19:23:11.599] [exthost] [info] exiting with code 0
